error: Calls failed to load, bailing
info: 2017/1/27 09:20:52.990 didStartLoading called TSSSB.timeout_tim set for ms:60000
info: 2017/1/27 09:20:54.371  booted! pri:0 version:1485526265 start_ms:1485508854362 (9ms ago)
info: 2017/1/27 09:20:54.968  _onDOMReady
info: 2017/1/27 09:20:54.969  session_load_count_client: 1
info: 2017/1/27 09:20:54.974  Connecting to: wss://mpmulti-dzeq.slack-msgs.com/?flannel=1&token=REDACTED&start_args=%3Fagent%3Dwebapp_5037041d755952247521ebc864d11d37fab2f7a9%26simple_latest%3Dtrue%26no_unreads%3Dtrue%26no_users%3Dtrue%26no_bots%3Dtrue%26cache_ts%3D0%26mpim_aware%3Dtrue%26only_relevant_ims%3Dtrue%26canonical_avatars%3Dtrue%26eac_cache_ts%3Dtrue&version_uid=5037041d755952247521ebc864d11d37fab2f7a9&_x_connection_log=&batch_presence_aware=1
info: 2017/1/27 09:20:54.979  Initializing provisional MS connection and fetching rtm.start over the socket
info: 2017/1/27 09:20:54.982  2017/1/27 09:20:54.982 didStartLoading called TSSSB.timeout_tim set for ms:30000
warn: 2017/1/27 09:20:54.986  storage_version: does not match TS.storage.version:0.85 so flushing all our keys: is_compressed
info: 2017/1/27 09:20:54.987  _disabled:false
info: 2017/1/27 09:20:54.990  Setting calling_rtm_start to true
info: 2017/1/27 09:20:54.990  Starting incremental boot
info: 2017/1/27 09:20:55.960  2017/1/27 09:20:55.960 didStartLoading called TSSSB.timeout_tim set for ms:60000
info: 2017/1/27 09:20:55.344  TS.model.supports_user_bot_caching:true
TS.storage.isUsingMemberBotCache():false
args.cache_ts:undefined
api args: {"canonical_avatars":true,"include_full_users":true,"count":49,"token":"REDACTED","_attempts":1}
members from LS:0, from updated_users in rtm.start:3 (slackbot will always be here)
bots from LS:0, from updated_bots in rtm.start:0
info: 2017/1/27 09:20:55.348  open channels/groups/ims:0 initial_msgs_cnt:42 subsequent_msgs_cnt:84 special_initial_msgs_cnt:84
info: 2017/1/27 09:20:55.400  Provisional WebSocket received a message of type hello
info: 2017/1/27 09:20:55.404  Got rtm.start data but need to fetch 4 members
info: 2017/1/27 09:20:55.407  Provisional WebSocket received a message of type reconnect_url
info: 2017/1/27 09:20:55.437  Got 4 members for rtm.start :tada:
info: 2017/1/27 09:20:55.438  Setting calling_rtm_start to false (after rtm.start from Flannel)
info: 2017/1/27 09:20:55.575  2017/1/27 09:20:55.575 didFinishLoading called, clearing TSSSB.timeout_tim
info: 2017/1/27 09:20:55.585  Finalizing incremental boot
warn: 2017/1/27 09:20:55.587  1224ms from first html to login_sig.dispatch()
info: 2017/1/27 09:20:56.199  TS.model.supports_user_bot_caching:true
TS.storage.isUsingMemberBotCache():false
args.cache_ts:undefined
api args: {}
members from LS:0, from updated_users in rtm.start:4 (slackbot will always be here)
bots from LS:0, from updated_bots in rtm.start:0
info: 2017/1/27 09:20:56.206  open channels/groups/ims:5 initial_msgs_cnt:42 subsequent_msgs_cnt:84 special_initial_msgs_cnt:84
info: 2017/1/27 09:20:56.207  Completed incremental boot
info: 2017/1/27 09:20:56.385  Not loading scrollback in C3FB6DV29: There are NOT older messages than these.
info: 2017/1/27 09:20:56.433  Finalizing provisional MS connection
info: 2017/1/27 09:20:56.433  MS WS connected!
info: 2017/1/27 09:20:56.435  Hello msg recvd, since_last_pong_ms:1485508856435
info: 2017/1/27 09:20:56.440  Hiding the reconnection banner because we are connected
info: 2017/1/27 09:20:56.514  Email display hidden for this team. Client model OK. ✓
info: 2017/1/27 09:21:11.722  Not loading scrollback in C3F8LF5V0: There are NOT older messages than these.
info: 2017/1/27 09:21:15.799  You joined channel C3F8LF5V0
info: 2017/1/27 09:21:15.827  U3EJ8BNKT joined channel C3F8LF5V0
warn: 2017/1/27 09:21:15.852  checkInitialMsgHistory NOT DOING ANYTHING, because "C3F8LF5V0" history_is_being_fetched:true
warn: 2017/1/27 09:21:15.852  channel "C3F8LF5V0" already displayed
warn: 2017/1/27 09:21:35.341  channel "C3F8LF5V0" already displayed
info: 2017/1/27 09:21:37.720  TS.files.uploadProcessingOver polling_file_id:F3Y3LUNA3 polling_ticket:t134122974407 polling_count:2
info: 2017/1/27 09:30:54.367  Received 57694 bytes in the first 10 minutes of the session
error: Calls failed to load, bailing
info: 2017/1/27 09:52:33.893 didStartLoading called TSSSB.timeout_tim set for ms:60000
info: 2017/1/27 09:52:35.720  booted! pri:0 version:1485526265 start_ms:1485510755063 (9ms ago)
info: 2017/1/27 09:52:35.711  _onDOMReady
info: 2017/1/27 09:52:35.712  session_load_count_client: 1
info: 2017/1/27 09:52:35.717  Connecting to: wss://mpmulti-y2ip.slack-msgs.com/?flannel=1&token=REDACTED&start_args=%3Fagent%3Dwebapp_5037041d755952247521ebc864d11d37fab2f7a9%26simple_latest%3Dtrue%26no_unreads%3Dtrue%26no_users%3Dtrue%26no_bots%3Dtrue%26cache_ts%3D0%26mpim_aware%3Dtrue%26only_relevant_ims%3Dtrue%26canonical_avatars%3Dtrue%26eac_cache_ts%3Dtrue&version_uid=5037041d755952247521ebc864d11d37fab2f7a9&_x_connection_log=&batch_presence_aware=1
info: 2017/1/27 09:52:35.722  Initializing provisional MS connection and fetching rtm.start over the socket
info: 2017/1/27 09:52:35.725  2017/1/27 09:52:35.725 didStartLoading called TSSSB.timeout_tim set for ms:30000
info: 2017/1/27 09:52:35.729  _disabled:false
info: 2017/1/27 09:52:35.732  Setting calling_rtm_start to true
info: 2017/1/27 09:52:35.732  Starting incremental boot
info: 2017/1/27 09:52:35.904  2017/1/27 09:52:35.904 didStartLoading called TSSSB.timeout_tim set for ms:60000
info: 2017/1/27 09:52:36.118  TS.model.supports_user_bot_caching:true
TS.storage.isUsingMemberBotCache():false
args.cache_ts:undefined
api args: {"canonical_avatars":true,"include_full_users":true,"count":49,"channel":"C3F8LF5V0","token":"REDACTED","_attempts":1}
members from LS:0, from updated_users in rtm.start:3 (slackbot will always be here)
bots from LS:0, from updated_bots in rtm.start:0
info: 2017/1/27 09:52:36.122  open channels/groups/ims:1 initial_msgs_cnt:42 subsequent_msgs_cnt:84 special_initial_msgs_cnt:84
info: 2017/1/27 09:52:36.257  2017/1/27 09:52:36.257 didFinishLoading called, clearing TSSSB.timeout_tim
info: 2017/1/27 09:52:36.267  Finalizing incremental boot
warn: 2017/1/27 09:52:36.268  1205ms from first html to login_sig.dispatch()
info: 2017/1/27 09:52:36.915  Provisional WebSocket received a message of type hello
info: 2017/1/27 09:52:36.918  Got rtm.start data but need to fetch 4 members
info: 2017/1/27 09:52:36.920  Provisional WebSocket received a message of type reconnect_url
info: 2017/1/27 09:52:37.196  Got 4 members for rtm.start :tada:
info: 2017/1/27 09:52:37.197  Setting calling_rtm_start to false (after rtm.start from Flannel)
info: 2017/1/27 09:52:37.205  TS.model.supports_user_bot_caching:true
TS.storage.isUsingMemberBotCache():false
args.cache_ts:undefined
api args: {}
members from LS:0, from updated_users in rtm.start:4 (slackbot will always be here)
bots from LS:0, from updated_bots in rtm.start:0
info: 2017/1/27 09:52:37.210  open channels/groups/ims:6 initial_msgs_cnt:42 subsequent_msgs_cnt:84 special_initial_msgs_cnt:84
info: 2017/1/27 09:52:37.212  Completed incremental boot
info: 2017/1/27 09:52:37.383  Not loading scrollback in C3F8LF5V0: We have the oldest msg: 1481814626.000002. is_limited:undefined
info: 2017/1/27 09:52:37.448  Finalizing provisional MS connection
info: 2017/1/27 09:52:37.449  MS WS connected!
info: 2017/1/27 09:52:37.450  Hello msg recvd, since_last_pong_ms:1485510757450
info: 2017/1/27 09:52:37.456  Hiding the reconnection banner because we are connected
info: 2017/1/27 09:52:37.584  Email display hidden for this team. Client model OK. ✓
info: 2017/1/27 10:02:35.680  Received 33212 bytes in the first 10 minutes of the session
